[09-Jul-2017 17:50:21 UTC] PHP Warning:  An unexpected error occurred. Something may be wrong with WordPress.org or this server&#8217;s configuration. If you continue to have problems, please try the <a href="https://wordpress.org/support/">support forums</a>. (WordPress could not establish a secure connection to WordPress.org. Please contact your server administrator.) in /var/www/html/wp-includes/update.php on line 129
[09-Jul-2017 17:50:21 UTC] PHP Warning:  An unexpected error occurred. Something may be wrong with WordPress.org or this server&#8217;s configuration. If you continue to have problems, please try the <a href="https://wordpress.org/support/">support forums</a>. (WordPress could not establish a secure connection to WordPress.org. Please contact your server administrator.) in /var/www/html/wp-includes/update.php on line 319
[09-Jul-2017 17:50:21 UTC] PHP Warning:  An unexpected error occurred. Something may be wrong with WordPress.org or this server&#8217;s configuration. If you continue to have problems, please try the <a href="https://wordpress.org/support/">support forums</a>. (WordPress could not establish a secure connection to WordPress.org. Please contact your server administrator.) in /var/www/html/wp-includes/update.php on line 499
[09-Jul-2017 18:23:11 UTC] PHP Notice:  Undefined offset: 1 in /var/www/html/wp-admin/includes/dashboard.php on line 1227
[11-Jul-2017 16:41:47 UTC] PHP Notice:  Undefined offset: 1 in /var/www/html/wp-admin/includes/dashboard.php on line 1227
[14-Jul-2017 16:33:16 UTC] PHP Notice:  Undefined offset: 1 in /var/www/html/wp-admin/includes/dashboard.php on line 1227
[20-Jul-2017 10:36:00 UTC] PHP Notice:  Undefined offset: 1 in /var/www/html/wp-admin/includes/dashboard.php on line 1227
[16-Aug-2017 20:30:01 UTC] PHP Notice:  Undefined offset: 1 in /var/www/html/wp-includes/class-wp-query.php on line 3080
[16-Aug-2017 20:30:01 UTC] PHP Notice:  Trying to get property of non-object in /var/www/html/wp-includes/post-template.php on line 298
[16-Aug-2017 20:30:02 UTC] PHP Notice:  Undefined offset: 1 in /var/www/html/wp-includes/class-wp-query.php on line 3080
[16-Aug-2017 20:30:02 UTC] PHP Notice:  Trying to get property of non-object in /var/www/html/wp-includes/post-template.php on line 298
[16-Aug-2017 20:31:46 UTC] PHP Notice:  Undefined offset: 1 in /var/www/html/wp-includes/class-wp-query.php on line 3080
[16-Aug-2017 20:31:46 UTC] PHP Notice:  Trying to get property of non-object in /var/www/html/wp-includes/post-template.php on line 298
[16-Aug-2017 20:31:46 UTC] PHP Notice:  Undefined offset: 1 in /var/www/html/wp-includes/class-wp-query.php on line 3080
[16-Aug-2017 20:31:46 UTC] PHP Notice:  Trying to get property of non-object in /var/www/html/wp-includes/post-template.php on line 298
[16-Aug-2017 20:31:48 UTC] PHP Notice:  Undefined offset: 1 in /var/www/html/wp-includes/class-wp-query.php on line 3080
[16-Aug-2017 20:31:48 UTC] PHP Notice:  Trying to get property of non-object in /var/www/html/wp-includes/post-template.php on line 298
[16-Aug-2017 20:38:21 UTC] PHP Notice:  Undefined variable: post_id in /var/www/html/wp-content/themes/desire/desire-offer-type.php on line 9
[16-Aug-2017 20:38:22 UTC] PHP Notice:  Undefined variable: post_id in /var/www/html/wp-content/themes/desire/desire-offer-type.php on line 9
[16-Aug-2017 20:38:23 UTC] PHP Notice:  Undefined variable: post_id in /var/www/html/wp-content/themes/desire/desire-offer-type.php on line 9
[16-Aug-2017 20:38:50 UTC] PHP Notice:  Undefined offset: 1 in /var/www/html/wp-includes/class-wp-query.php on line 3080
[16-Aug-2017 20:38:50 UTC] PHP Notice:  Trying to get property of non-object in /var/www/html/wp-content/themes/desire/desire-offer-type.php on line 9
[16-Aug-2017 20:38:51 UTC] PHP Notice:  Undefined offset: 1 in /var/www/html/wp-includes/class-wp-query.php on line 3080
[16-Aug-2017 20:38:51 UTC] PHP Notice:  Trying to get property of non-object in /var/www/html/wp-content/themes/desire/desire-offer-type.php on line 9
[16-Aug-2017 20:38:51 UTC] PHP Notice:  Undefined offset: 1 in /var/www/html/wp-includes/class-wp-query.php on line 3080
[16-Aug-2017 20:38:51 UTC] PHP Notice:  Trying to get property of non-object in /var/www/html/wp-content/themes/desire/desire-offer-type.php on line 9
[16-Aug-2017 20:48:27 UTC] PHP Notice:  Array to string conversion in /var/www/html/wp-content/themes/desire/desire-offer-type.php on line 11
[16-Aug-2017 20:48:28 UTC] PHP Notice:  Array to string conversion in /var/www/html/wp-content/themes/desire/desire-offer-type.php on line 11
[16-Aug-2017 20:48:28 UTC] PHP Notice:  Array to string conversion in /var/www/html/wp-content/themes/desire/desire-offer-type.php on line 11
[16-Aug-2017 20:48:28 UTC] PHP Notice:  Array to string conversion in /var/www/html/wp-content/themes/desire/desire-offer-type.php on line 11
[16-Aug-2017 20:49:00 UTC] PHP Catchable fatal error:  Object of class WP_Post could not be converted to string in /var/www/html/wp-content/themes/desire/desire-offer-type.php on line 12
[16-Aug-2017 20:49:00 UTC] PHP Catchable fatal error:  Object of class WP_Post could not be converted to string in /var/www/html/wp-content/themes/desire/desire-offer-type.php on line 12
[16-Aug-2017 20:49:01 UTC] PHP Catchable fatal error:  Object of class WP_Post could not be converted to string in /var/www/html/wp-content/themes/desire/desire-offer-type.php on line 12
[16-Aug-2017 20:49:01 UTC] PHP Catchable fatal error:  Object of class WP_Post could not be converted to string in /var/www/html/wp-content/themes/desire/desire-offer-type.php on line 12
[16-Aug-2017 20:49:10 UTC] PHP Catchable fatal error:  Object of class WP_Post could not be converted to string in /var/www/html/wp-content/themes/desire/desire-offer-type.php on line 12
[16-Aug-2017 20:49:11 UTC] PHP Catchable fatal error:  Object of class WP_Post could not be converted to string in /var/www/html/wp-content/themes/desire/desire-offer-type.php on line 12
[16-Aug-2017 20:49:11 UTC] PHP Catchable fatal error:  Object of class WP_Post could not be converted to string in /var/www/html/wp-content/themes/desire/desire-offer-type.php on line 12
[16-Aug-2017 20:58:49 UTC] PHP Notice:  Undefined offset: 1 in /var/www/html/wp-includes/class-wp-query.php on line 3080
[16-Aug-2017 20:58:49 UTC] PHP Notice:  Trying to get property of non-object in /var/www/html/wp-content/themes/desire/desire-offer-type.php on line 8
[16-Aug-2017 20:58:49 UTC] PHP Notice:  Undefined offset: 1 in /var/www/html/wp-includes/class-wp-query.php on line 3080
[16-Aug-2017 20:58:49 UTC] PHP Notice:  Trying to get property of non-object in /var/www/html/wp-content/themes/desire/desire-offer-type.php on line 8
[16-Aug-2017 20:58:49 UTC] PHP Notice:  Undefined offset: 1 in /var/www/html/wp-includes/class-wp-query.php on line 3080
[16-Aug-2017 20:58:49 UTC] PHP Notice:  Trying to get property of non-object in /var/www/html/wp-content/themes/desire/desire-offer-type.php on line 8
[16-Aug-2017 20:58:50 UTC] PHP Notice:  Undefined offset: 1 in /var/www/html/wp-includes/class-wp-query.php on line 3080
[16-Aug-2017 20:58:50 UTC] PHP Notice:  Trying to get property of non-object in /var/www/html/wp-content/themes/desire/desire-offer-type.php on line 8
[16-Aug-2017 20:58:50 UTC] PHP Notice:  Undefined offset: 1 in /var/www/html/wp-includes/class-wp-query.php on line 3080
[16-Aug-2017 20:58:50 UTC] PHP Notice:  Trying to get property of non-object in /var/www/html/wp-content/themes/desire/desire-offer-type.php on line 8
[16-Aug-2017 20:59:35 UTC] PHP Notice:  Undefined offset: 1 in /var/www/html/wp-includes/class-wp-query.php on line 3080
[16-Aug-2017 20:59:35 UTC] PHP Notice:  Trying to get property of non-object in /var/www/html/wp-content/themes/desire/desire-offer-type.php on line 8
[16-Aug-2017 20:59:35 UTC] PHP Notice:  Undefined offset: 1 in /var/www/html/wp-includes/class-wp-query.php on line 3080
[16-Aug-2017 20:59:35 UTC] PHP Notice:  Trying to get property of non-object in /var/www/html/wp-content/themes/desire/desire-offer-type.php on line 8
[16-Aug-2017 20:59:35 UTC] PHP Notice:  Undefined offset: 1 in /var/www/html/wp-includes/class-wp-query.php on line 3080
[16-Aug-2017 20:59:35 UTC] PHP Notice:  Trying to get property of non-object in /var/www/html/wp-content/themes/desire/desire-offer-type.php on line 8
[16-Aug-2017 21:00:51 UTC] PHP Notice:  Trying to get property of non-object in /var/www/html/wp-content/themes/desire/desire-offer-type.php on line 7
[16-Aug-2017 21:00:52 UTC] PHP Notice:  Trying to get property of non-object in /var/www/html/wp-content/themes/desire/desire-offer-type.php on line 7
[16-Aug-2017 21:00:52 UTC] PHP Notice:  Trying to get property of non-object in /var/www/html/wp-content/themes/desire/desire-offer-type.php on line 7
[16-Aug-2017 21:01:12 UTC] PHP Notice:  Trying to get property of non-object in /var/www/html/wp-content/themes/desire/desire-offer-type.php on line 7
[16-Aug-2017 21:01:13 UTC] PHP Notice:  Trying to get property of non-object in /var/www/html/wp-content/themes/desire/desire-offer-type.php on line 7
[16-Aug-2017 21:04:14 UTC] PHP Notice:  Trying to get property of non-object in /var/www/html/wp-content/themes/desire/desire-offer-type.php on line 7
[16-Aug-2017 21:04:14 UTC] PHP Notice:  Trying to get property of non-object in /var/www/html/wp-content/themes/desire/desire-offer-type.php on line 7
[16-Aug-2017 21:04:15 UTC] PHP Notice:  Trying to get property of non-object in /var/www/html/wp-content/themes/desire/desire-offer-type.php on line 7
[16-Aug-2017 21:04:15 UTC] PHP Notice:  Trying to get property of non-object in /var/www/html/wp-content/themes/desire/desire-offer-type.php on line 7
[16-Aug-2017 21:04:15 UTC] PHP Notice:  Trying to get property of non-object in /var/www/html/wp-content/themes/desire/desire-offer-type.php on line 7
[16-Aug-2017 21:11:42 UTC] PHP Catchable fatal error:  Object of class WP_Post could not be converted to string in /var/www/html/wp-content/themes/desire/desire-offer-type.php on line 16
[16-Aug-2017 21:11:43 UTC] PHP Catchable fatal error:  Object of class WP_Post could not be converted to string in /var/www/html/wp-content/themes/desire/desire-offer-type.php on line 16
[16-Aug-2017 21:11:43 UTC] PHP Catchable fatal error:  Object of class WP_Post could not be converted to string in /var/www/html/wp-content/themes/desire/desire-offer-type.php on line 16
[16-Aug-2017 21:11:43 UTC] PHP Catchable fatal error:  Object of class WP_Post could not be converted to string in /var/www/html/wp-content/themes/desire/desire-offer-type.php on line 16
[16-Aug-2017 21:11:51 UTC] PHP Catchable fatal error:  Object of class WP_Post could not be converted to string in /var/www/html/wp-content/themes/desire/desire-offer-type.php on line 16
[16-Aug-2017 21:11:51 UTC] PHP Catchable fatal error:  Object of class WP_Post could not be converted to string in /var/www/html/wp-content/themes/desire/desire-offer-type.php on line 16
[16-Aug-2017 21:11:51 UTC] PHP Catchable fatal error:  Object of class WP_Post could not be converted to string in /var/www/html/wp-content/themes/desire/desire-offer-type.php on line 16
[16-Aug-2017 21:11:51 UTC] PHP Catchable fatal error:  Object of class WP_Post could not be converted to string in /var/www/html/wp-content/themes/desire/desire-offer-type.php on line 16
[25-Aug-2017 13:22:36 UTC] PHP Notice:  Undefined offset: 1 in /var/www/html/wp-admin/includes/dashboard.php on line 1227
